<?xml version="1.0" encoding="UTF-8"?>
<testng-results ignored="0" total="1" passed="1" failed="0" skipped="0">
  <reporter-output>
  </reporter-output>
  <suite started-at="2021-11-27T19:21:55 CET" name="Default suite" finished-at="2021-11-27T19:22:07 CET" duration-ms="11718">
    <groups>
    </groups>
    <test started-at="2021-11-27T19:21:55 CET" name="Default test" finished-at="2021-11-27T19:22:07 CET" duration-ms="11718">
      <class name="tests.CreateNewProfileMaximumProfilesIsReachedTest">
        <test-method is-config="true" signature="setup()[pri:0, instance:tests.CreateNewProfileMaximumProfilesIsReachedTest@306cf3ea]" started-at="2021-11-27T19:21:55 CET" name="setup" finished-at="2021-11-27T19:21:57 CET" duration-ms="2023" status="PASS">
          <reporter-output>
          </reporter-output>
        </test-method> <!-- setup -->
        <test-method signature="createNewProfileMaximumProfilesIsReached()[pri:0, instance:tests.CreateNewProfileMaximumProfilesIsReachedTest@306cf3ea]" started-at="2021-11-27T19:21:57 CET" name="createNewProfileMaximumProfilesIsReached" finished-at="2021-11-27T19:22:07 CET" duration-ms="9069" status="PASS">
          <reporter-output>
          </reporter-output>
        </test-method> <!-- createNewProfileMaximumProfilesIsReached -->
        <test-method is-config="true" signature="cleanup()[pri:0, instance:tests.CreateNewProfileMaximumProfilesIsReachedTest@306cf3ea]" started-at="2021-11-27T19:22:07 CET" name="cleanup" finished-at="2021-11-27T19:22:07 CET" duration-ms="597" status="PASS">
          <reporter-output>
          </reporter-output>
        </test-method> <!-- cleanup -->
      </class> <!-- tests.CreateNewProfileMaximumProfilesIsReachedTest -->
    </test> <!-- Default test -->
  </suite> <!-- Default suite -->
</testng-results>
